


ARM Macro Assembler    Page 1 


    1 00000000         ; <<< Use Configuration Wizard in Context Menu >>>
    2 00000000         ;*******************************************************
                       ***********************
    3 00000000         ;
    4 00000000         ; Startup.s - Startup code for Stellaris.
    5 00000000         ;
    6 00000000         ; Copyright (c) 2011 Texas Instruments Incorporated.  Al
                       l rights reserved.
    7 00000000         ; Software License Agreement
    8 00000000         ; 
    9 00000000         ; Texas Instruments (TI) is supplying this software for 
                       use solely and
   10 00000000         ; exclusively on TI's microcontroller products. The soft
                       ware is owned by
   11 00000000         ; TI and/or its suppliers, and is protected under applic
                       able copyright
   12 00000000         ; laws. You may not combine this software with "viral" o
                       pen-source
   13 00000000         ; software in order to form a larger program.
   14 00000000         ; 
   15 00000000         ; THIS SOFTWARE IS PROVIDED "AS IS" AND WITH ALL FAULTS.
                       
   16 00000000         ; NO WARRANTIES, WHETHER EXPRESS, IMPLIED OR STATUTORY, 
                       INCLUDING, BUT
   17 00000000         ; NOT LIMITED TO, IMPLIED WARRANTIES OF MERCHANTABILITY 
                       AND FITNESS FOR
   18 00000000         ; A PARTICULAR PURPOSE APPLY TO THIS SOFTWARE. TI SHALL 
                       NOT, UNDER ANY
   19 00000000         ; CIRCUMSTANCES, BE LIABLE FOR SPECIAL, INCIDENTAL, OR C
                       ONSEQUENTIAL
   20 00000000         ; DAMAGES, FOR ANY REASON WHATSOEVER.
   21 00000000         ; 
   22 00000000         ; This is part of revision 7860 of the Stellaris Periphe
                       ral Driver Library.
   23 00000000         ;
   24 00000000         ;*******************************************************
                       ***********************
   25 00000000         
   26 00000000         ;*******************************************************
                       ***********************
   27 00000000         ;
   28 00000000         ; <o> Stack Size (in Bytes) <0x0-0xFFFFFFFF:8>
   29 00000000         ;
   30 00000000         ;*******************************************************
                       ***********************
   31 00000000 00000100 
                       Stack   EQU              0x00000100
   32 00000000         
   33 00000000         ;*******************************************************
                       ***********************
   34 00000000         ;
   35 00000000         ; <o> Heap Size (in Bytes) <0x0-0xFFFFFFFF:8>
   36 00000000         ;
   37 00000000         ;*******************************************************
                       ***********************
   38 00000000 00000000 
                       Heap    EQU              0x00000000
   39 00000000         
   40 00000000         ;*******************************************************



ARM Macro Assembler    Page 2 


                       ***********************
   41 00000000         ;
   42 00000000         ; Allocate space for the stack.
   43 00000000         ;
   44 00000000         ;*******************************************************
                       ***********************
   45 00000000                 AREA             STACK, NOINIT, READWRITE, ALIGN
=3
   46 00000000         StackMem
   47 00000000                 SPACE            Stack
   48 00000100         __initial_sp
   49 00000100         
   50 00000100         ;*******************************************************
                       ***********************
   51 00000100         ;
   52 00000100         ; Allocate space for the heap.
   53 00000100         ;
   54 00000100         ;*******************************************************
                       ***********************
   55 00000100                 AREA             HEAP, NOINIT, READWRITE, ALIGN=
3
   56 00000000         __heap_base
   57 00000000         HeapMem
   58 00000000                 SPACE            Heap
   59 00000000         __heap_limit
   60 00000000         
   61 00000000         ;*******************************************************
                       ***********************
   62 00000000         ;
   63 00000000         ; Indicate that the code in this file preserves 8-byte a
                       lignment of the stack.
   64 00000000         ;
   65 00000000         ;*******************************************************
                       ***********************
   66 00000000                 PRESERVE8
   67 00000000         
   68 00000000         ;*******************************************************
                       ***********************
   69 00000000         ;
   70 00000000         ; Place code into the reset code section.
   71 00000000         ;
   72 00000000         ;*******************************************************
                       ***********************
   73 00000000                 AREA             RESET, CODE, READONLY
   74 00000000                 THUMB
   75 00000000                 EXTERN           SysTick_Handler
   76 00000000                 EXTERN           GPIOA_Handler
   77 00000000                 EXTERN           GPIOB_Handler
   78 00000000                 EXTERN           GPIOC_Handler
   79 00000000                 EXTERN           GPIOD_Handler
   80 00000000                 EXTERN           GPIOE_Handler
   81 00000000                 EXTERN           UART0_Handler
   82 00000000                 EXTERN           UART1_Handler
   83 00000000                 EXTERN           SSI0_Handler
   84 00000000                 EXTERN           I2C0_Handler
   85 00000000                 EXTERN           PWM0_Fault_Handler
   86 00000000                 EXTERN           PWM0_G0_Handler
   87 00000000                 EXTERN           PWM0_G1_Handler
   88 00000000                 EXTERN           PWM0_G2_Handler



ARM Macro Assembler    Page 3 


   89 00000000                 EXTERN           QE_Handler
   90 00000000                 EXTERN           ADC0_S0_Handler
   91 00000000                 EXTERN           ADC0_S1_Handler
   92 00000000                 EXTERN           ADC0_S2_Handler
   93 00000000                 EXTERN           ADC0_S3_Handler
   94 00000000                 EXTERN           WDOG_Timer_Handler
   95 00000000                 EXTERN           TIMER0_STA_Handler
   96 00000000                 EXTERN           TIMER0_STB_Handler
   97 00000000                 EXTERN           TIMER1_STA_Handler
   98 00000000                 EXTERN           TIMER1_STB_Handler
   99 00000000                 EXTERN           TIMER2_STA_Handler
  100 00000000                 EXTERN           TIMER2_STB_Handler
  101 00000000                 EXTERN           COMP0_Handler
  102 00000000                 EXTERN           COMP1_Handler
  103 00000000                 EXTERN           COMP2_Handler
  104 00000000                 EXTERN           SYSCTL_Handler
  105 00000000                 EXTERN           FLASH_Handler
  106 00000000                 EXTERN           GPIOF_Handler
  107 00000000                 EXTERN           GPIOG_Handler
  108 00000000                 EXTERN           GPIOH_Handler
  109 00000000                 EXTERN           UART2_Handler
  110 00000000                 EXTERN           SSI1_Handler
  111 00000000                 EXTERN           TIMER3_STA_Handler
  112 00000000                 EXTERN           TIMER3_STB_Handler
  113 00000000                 EXTERN           I2C1_Handler
  114 00000000                 EXTERN           QE1_Handler
  115 00000000                 EXTERN           CAN0_Handler
  116 00000000                 EXTERN           CA1_Handler
  117 00000000                 EXTERN           CA2_Handler
  118 00000000                 EXTERN           Ethernet_Handler
  119 00000000                 EXTERN           Hibernate_Handler
  120 00000000                 EXTERN           USB0_Handler
  121 00000000                 EXTERN           PWM_G3_Handler
  122 00000000                 EXTERN           UDMA_SUCCESS_Handler
  123 00000000                 EXTERN           UDMA_ERROR_Handler
  124 00000000                 EXTERN           ADC1_S0_Handler
  125 00000000                 EXTERN           ADC1_S1_Handler
  126 00000000                 EXTERN           ADC1_S2_Handler
  127 00000000                 EXTERN           ADC1_S3_Handler
  128 00000000                 EXTERN           I2S0_Handler
  129 00000000                 EXTERN           EBI0_Handler
  130 00000000                 EXTERN           GPIOJ_Handler
  131 00000000                 EXTERN           GPIOK_Handler
  132 00000000                 EXTERN           GPIOL_Handler
  133 00000000                 EXTERN           SSI2_Handler
  134 00000000                 EXTERN           SSI3_Handler
  135 00000000                 EXTERN           UART3_Handler
  136 00000000                 EXTERN           UART4_Handler
  137 00000000                 EXTERN           UART5_Handler
  138 00000000                 EXTERN           UART6_Handler
  139 00000000                 EXTERN           UART7_Handler
  140 00000000                 EXTERN           I2C2_Handler
  141 00000000                 EXTERN           I2C3_Handler
  142 00000000                 EXTERN           TIMER4_STA_Handler
  143 00000000                 EXTERN           TIMER4_STB_Handler
  144 00000000                 EXTERN           TIMER5_STA_Handler
  145 00000000                 EXTERN           TIMER5_STB_Handler
  146 00000000                 EXTERN           WTIMER0_STA_Handler
  147 00000000                 EXTERN           WTIMER0_STB_Handler



ARM Macro Assembler    Page 4 


  148 00000000                 EXTERN           WTIMER1_STA_Handler
  149 00000000                 EXTERN           WTIMER1_STB_Handler
  150 00000000                 EXTERN           WTIMER2_STA_Handler
  151 00000000                 EXTERN           WTIMER2_STB_Handler
  152 00000000                 EXTERN           WTIMER3_STA_Handler
  153 00000000                 EXTERN           WTIMER3_STB_Handler
  154 00000000                 EXTERN           WTIMER4_STA_Handler
  155 00000000                 EXTERN           WTIMER4_STB_Handler
  156 00000000                 EXTERN           WTIMER5_STA_Handler
  157 00000000                 EXTERN           WTIMER5_STB_Handler
  158 00000000                 EXTERN           FPU_Handler
  159 00000000                 EXTERN           PECI0_Handler
  160 00000000                 EXTERN           LPC0_Handler
  161 00000000                 EXTERN           I2C4_Handler
  162 00000000                 EXTERN           I2C5_Handler
  163 00000000                 EXTERN           GPIOM_Handler
  164 00000000                 EXTERN           GPION_Handler
  165 00000000                 EXTERN           QE2_Handler
  166 00000000                 EXTERN           Fan0_Handler
  167 00000000                 EXTERN           GPIOP0_Handler
  168 00000000                 EXTERN           GPIOP1_Handler
  169 00000000                 EXTERN           GPIOP2_Handler
  170 00000000                 EXTERN           GPIOP3_Handler
  171 00000000                 EXTERN           GPIOP4_Handler
  172 00000000                 EXTERN           GPIOP5_Handler
  173 00000000                 EXTERN           GPIOP6_Handler
  174 00000000                 EXTERN           GPIOP7_Handler
  175 00000000                 EXTERN           GPIOQ0_Handler
  176 00000000                 EXTERN           GPIOQ1_Handler
  177 00000000                 EXTERN           GPIOQ2_Handler
  178 00000000                 EXTERN           GPIOQ3_Handler
  179 00000000                 EXTERN           GPIOQ4_Handler
  180 00000000                 EXTERN           GPIOQ5_Handler
  181 00000000                 EXTERN           GPIOQ6_Handler
  182 00000000                 EXTERN           GPIOQ7_Handler
  183 00000000                 EXTERN           GPIOR_Handler
  184 00000000                 EXTERN           GPIOS_Handler
  185 00000000                 EXTERN           PWM1_G0_Handler
  186 00000000                 EXTERN           PWM1_G1_Handler
  187 00000000                 EXTERN           PWM1_G2_Handler
  188 00000000                 EXTERN           PWM1_G3_Handler
  189 00000000                 EXTERN           PWM1_Fault_Handler
  190 00000000         ;*******************************************************
                       ***********************
  191 00000000         ;
  192 00000000         ; The vector table.
  193 00000000         ;
  194 00000000         ;*******************************************************
                       ***********************
  195 00000000                 EXPORT           __Vectors
  196 00000000         __Vectors
  197 00000000 00000100        DCD              StackMem + Stack ; Top of Stack
                                                            
  198 00000004 00000000        DCD              Reset_Handler ; Reset Handler
  199 00000008 00000000        DCD              NmiSR       ; NMI Handler
  200 0000000C 00000000        DCD              FaultISR    ; Hard Fault Handle
                                                            r
  201 00000010 00000000        DCD              IntDefaultHandler 
                                                            ; MPU Fault Handler



ARM Macro Assembler    Page 5 


                                                            
  202 00000014 00000000        DCD              IntDefaultHandler 
                                                            ; Bus Fault Handler
                                                            
  203 00000018 00000000        DCD              IntDefaultHandler ; Usage Fault
                                                             Handler
  204 0000001C 00000000        DCD              0           ; Reserved
  205 00000020 00000000        DCD              0           ; Reserved
  206 00000024 00000000        DCD              0           ; Reserved
  207 00000028 00000000        DCD              0           ; Reserved
  208 0000002C 00000000        DCD              IntDefaultHandler 
                                                            ; SVCall handler
  209 00000030 00000000        DCD              IntDefaultHandler ; Debug monit
                                                            or handler
  210 00000034 00000000        DCD              0           ; Reserved
  211 00000038 00000000        DCD              IntDefaultHandler 
                                                            ; PendSV Handler
  212 0000003C 00000000        DCD              SysTick_Handler 
                                                            ; SysTick Handler
  213 00000040 00000000        DCD              GPIOA_Handler ; GPIO Port A
  214 00000044 00000000        DCD              GPIOB_Handler ; GPIO Port B
  215 00000048 00000000        DCD              GPIOC_Handler ; GPIO Port C
  216 0000004C 00000000        DCD              GPIOD_Handler ; GPIO Port D
  217 00000050 00000000        DCD              GPIOE_Handler ; GPIO Port E
  218 00000054 00000000        DCD              UART0_Handler ; UART0 Rx and Tx
                                                            
  219 00000058 00000000        DCD              UART1_Handler ; UART1 Rx and Tx
                                                            
  220 0000005C 00000000        DCD              SSI0_Handler ; SSI0 Rx and Tx
  221 00000060 00000000        DCD              I2C0_Handler ; I2C0 Master and 
                                                            Slave
  222 00000064 00000000        DCD              PWM0_Fault_Handler ; PWM Fault
  223 00000068 00000000        DCD              PWM0_G0_Handler 
                                                            ; PWM Generator 0
  224 0000006C 00000000        DCD              PWM0_G1_Handler 
                                                            ; PWM Generator 1
  225 00000070 00000000        DCD              PWM0_G2_Handler 
                                                            ; PWM Generator 2
  226 00000074 00000000        DCD              QE_Handler  ; Quadrature Encode
                                                            r 0
  227 00000078 00000000        DCD              ADC0_S0_Handler 
                                                            ; ADC Sequence 0
  228 0000007C 00000000        DCD              ADC0_S1_Handler 
                                                            ; ADC Sequence 1
  229 00000080 00000000        DCD              ADC0_S2_Handler 
                                                            ; ADC Sequence 2
  230 00000084 00000000        DCD              ADC0_S3_Handler 
                                                            ; ADC Sequence 3
  231 00000088 00000000        DCD              WDOG_Timer_Handler 
                                                            ; Watchdog timer
  232 0000008C 00000000        DCD              TIMER0_STA_Handler ; Timer 0 su
                                                            btimer A
  233 00000090 00000000        DCD              TIMER0_STB_Handler ; Timer 0 su
                                                            btimer B
  234 00000094 00000000        DCD              TIMER1_STA_Handler ; Timer 1 su
                                                            btimer A
  235 00000098 00000000        DCD              TIMER1_STB_Handler ; Timer 1 su
                                                            btimer B
  236 0000009C 00000000        DCD              TIMER2_STA_Handler ; Timer 2 su



ARM Macro Assembler    Page 6 


                                                            btimer A
  237 000000A0 00000000        DCD              TIMER2_STB_Handler ; Timer 2 su
                                                            btimer B
  238 000000A4 00000000        DCD              COMP0_Handler ; Analog Comparat
                                                            or 0
  239 000000A8 00000000        DCD              COMP1_Handler ; Analog Comparat
                                                            or 1
  240 000000AC 00000000        DCD              COMP2_Handler ; Analog Comparat
                                                            or 2
  241 000000B0 00000000        DCD              SYSCTL_Handler ; System Control
                                                             (PLL, OSC, BO)
  242 000000B4 00000000        DCD              FLASH_Handler ; FLASH Control
  243 000000B8 00000000        DCD              GPIOF_Handler ; GPIO Port F
  244 000000BC 00000000        DCD              GPIOG_Handler ; GPIO Port G
  245 000000C0 00000000        DCD              GPIOH_Handler ; GPIO Port H
  246 000000C4 00000000        DCD              UART2_Handler ; UART2 Rx and Tx
                                                            
  247 000000C8 00000000        DCD              SSI1_Handler ; SSI1 Rx and Tx
  248 000000CC 00000000        DCD              TIMER3_STA_Handler ; Timer 3 su
                                                            btimer A
  249 000000D0 00000000        DCD              TIMER3_STB_Handler ; Timer 3 su
                                                            btimer B
  250 000000D4 00000000        DCD              I2C1_Handler ; I2C1 Master and 
                                                            Slave
  251 000000D8 00000000        DCD              QE1_Handler ; Quadrature Encode
                                                            r 1
  252 000000DC 00000000        DCD              CAN0_Handler ; CAN0
  253 000000E0 00000000        DCD              CA1_Handler ; CAN1
  254 000000E4 00000000        DCD              CA2_Handler ; CAN2
  255 000000E8 00000000        DCD              Ethernet_Handler ; Ethernet
  256 000000EC 00000000        DCD              Hibernate_Handler ; Hibernate
  257 000000F0 00000000        DCD              USB0_Handler ; USB0
  258 000000F4 00000000        DCD              PWM_G3_Handler 
                                                            ; PWM Generator 3
  259 000000F8 00000000        DCD              UDMA_SUCCESS_Handler ; uDMA Sof
                                                            tware Transfer
  260 000000FC 00000000        DCD              UDMA_ERROR_Handler ; uDMA Error
                                                            
  261 00000100 00000000        DCD              ADC1_S0_Handler 
                                                            ; ADC1 Sequence 0
  262 00000104 00000000        DCD              ADC1_S1_Handler 
                                                            ; ADC1 Sequence 1
  263 00000108 00000000        DCD              ADC1_S2_Handler 
                                                            ; ADC1 Sequence 2
  264 0000010C 00000000        DCD              ADC1_S3_Handler 
                                                            ; ADC1 Sequence 3
  265 00000110 00000000        DCD              I2S0_Handler ; I2S0
  266 00000114 00000000        DCD              EBI0_Handler ; External Bus Int
                                                            erface 0
  267 00000118 00000000        DCD              GPIOJ_Handler ; GPIO Port J
  268 0000011C 00000000        DCD              GPIOK_Handler ; GPIO Port K
  269 00000120 00000000        DCD              GPIOL_Handler ; GPIO Port L
  270 00000124 00000000        DCD              SSI2_Handler ; SSI2 Rx and Tx
  271 00000128 00000000        DCD              SSI3_Handler ; SSI3 Rx and Tx
  272 0000012C 00000000        DCD              UART3_Handler ; UART3 Rx and Tx
                                                            
  273 00000130 00000000        DCD              UART4_Handler ; UART4 Rx and Tx
                                                            
  274 00000134 00000000        DCD              UART5_Handler ; UART5 Rx and Tx



ARM Macro Assembler    Page 7 


                                                            
  275 00000138 00000000        DCD              UART6_Handler ; UART6 Rx and Tx
                                                            
  276 0000013C 00000000        DCD              UART7_Handler ; UART7 Rx and Tx
                                                            
  277 00000140 00000000        DCD              0           ; Reserved
  278 00000144 00000000        DCD              0           ; Reserved
  279 00000148 00000000        DCD              0           ; Reserved
  280 0000014C 00000000        DCD              0           ; Reserved
  281 00000150 00000000        DCD              I2C2_Handler ; I2C2 Master and 
                                                            Slave
  282 00000154 00000000        DCD              I2C3_Handler ; I2C3 Master and 
                                                            Slave
  283 00000158 00000000        DCD              TIMER4_STA_Handler ; Timer 4 su
                                                            btimer A
  284 0000015C 00000000        DCD              TIMER4_STB_Handler ; Timer 4 su
                                                            btimer B
  285 00000160 00000000        DCD              0           ; Reserved
  286 00000164 00000000        DCD              0           ; Reserved
  287 00000168 00000000        DCD              0           ; Reserved
  288 0000016C 00000000        DCD              0           ; Reserved
  289 00000170 00000000        DCD              0           ; Reserved
  290 00000174 00000000        DCD              0           ; Reserved
  291 00000178 00000000        DCD              0           ; Reserved
  292 0000017C 00000000        DCD              0           ; Reserved
  293 00000180 00000000        DCD              0           ; Reserved
  294 00000184 00000000        DCD              0           ; Reserved
  295 00000188 00000000        DCD              0           ; Reserved
  296 0000018C 00000000        DCD              0           ; Reserved
  297 00000190 00000000        DCD              0           ; Reserved
  298 00000194 00000000        DCD              0           ; Reserved
  299 00000198 00000000        DCD              0           ; Reserved
  300 0000019C 00000000        DCD              0           ; Reserved
  301 000001A0 00000000        DCD              0           ; Reserved
  302 000001A4 00000000        DCD              0           ; Reserved
  303 000001A8 00000000        DCD              0           ; Reserved
  304 000001AC 00000000        DCD              0           ; Reserved
  305 000001B0 00000000        DCD              TIMER5_STA_Handler ; Timer 5 su
                                                            btimer A
  306 000001B4 00000000        DCD              TIMER5_STB_Handler ; Timer 5 su
                                                            btimer B
  307 000001B8 00000000        DCD              WTIMER0_STA_Handler ; Wide Time
                                                            r 0 subtimer A
  308 000001BC 00000000        DCD              WTIMER0_STB_Handler ; Wide Time
                                                            r 0 subtimer B
  309 000001C0 00000000        DCD              WTIMER1_STA_Handler ; Wide Time
                                                            r 1 subtimer A
  310 000001C4 00000000        DCD              WTIMER1_STB_Handler ; Wide Time
                                                            r 1 subtimer B
  311 000001C8 00000000        DCD              WTIMER2_STA_Handler ; Wide Time
                                                            r 2 subtimer A
  312 000001CC 00000000        DCD              WTIMER2_STB_Handler ; Wide Time
                                                            r 2 subtimer B
  313 000001D0 00000000        DCD              WTIMER3_STA_Handler ; Wide Time
                                                            r 3 subtimer A
  314 000001D4 00000000        DCD              WTIMER3_STB_Handler ; Wide Time
                                                            r 3 subtimer B
  315 000001D8 00000000        DCD              WTIMER4_STA_Handler ; Wide Time
                                                            r 4 subtimer A



ARM Macro Assembler    Page 8 


  316 000001DC 00000000        DCD              WTIMER4_STB_Handler ; Wide Time
                                                            r 4 subtimer B
  317 000001E0 00000000        DCD              WTIMER5_STA_Handler ; Wide Time
                                                            r 5 subtimer A
  318 000001E4 00000000        DCD              WTIMER5_STB_Handler ; Wide Time
                                                            r 5 subtimer B
  319 000001E8 00000000        DCD              FPU_Handler ; FPU
  320 000001EC 00000000        DCD              PECI0_Handler ; PECI 0
  321 000001F0 00000000        DCD              LPC0_Handler ; LPC 0
  322 000001F4 00000000        DCD              I2C4_Handler ; I2C4 Master and 
                                                            Slave
  323 000001F8 00000000        DCD              I2C5_Handler ; I2C5 Master and 
                                                            Slave
  324 000001FC 00000000        DCD              GPIOM_Handler ; GPIO Port M
  325 00000200 00000000        DCD              GPION_Handler ; GPIO Port N
  326 00000204 00000000        DCD              QE2_Handler ; Quadrature Encode
                                                            r 2
  327 00000208 00000000        DCD              Fan0_Handler ; Fan 0
  328 0000020C 00000000        DCD              0           ; Reserved
  329 00000210 00000000        DCD              GPIOP0_Handler ; GPIO Port P (S
                                                            ummary or P0)
  330 00000214 00000000        DCD              GPIOP1_Handler ; GPIO Port P1
  331 00000218 00000000        DCD              GPIOP2_Handler ; GPIO Port P2
  332 0000021C 00000000        DCD              GPIOP3_Handler ; GPIO Port P3
  333 00000220 00000000        DCD              GPIOP4_Handler ; GPIO Port P4
  334 00000224 00000000        DCD              GPIOP5_Handler ; GPIO Port P5
  335 00000228 00000000        DCD              GPIOP6_Handler ; GPIO Port P6
  336 0000022C 00000000        DCD              GPIOP7_Handler ; GPIO Port P7
  337 00000230 00000000        DCD              GPIOQ0_Handler ; GPIO Port Q (S
                                                            ummary or Q0)
  338 00000234 00000000        DCD              GPIOQ1_Handler ; GPIO Port Q1
  339 00000238 00000000        DCD              GPIOQ2_Handler ; GPIO Port Q2
  340 0000023C 00000000        DCD              GPIOQ3_Handler ; GPIO Port Q3
  341 00000240 00000000        DCD              GPIOQ4_Handler ; GPIO Port Q4
  342 00000244 00000000        DCD              GPIOQ5_Handler ; GPIO Port Q5
  343 00000248 00000000        DCD              GPIOQ6_Handler ; GPIO Port Q6
  344 0000024C 00000000        DCD              GPIOQ7_Handler ; GPIO Port Q7
  345 00000250 00000000        DCD              GPIOR_Handler ; GPIO Port R
  346 00000254 00000000        DCD              GPIOS_Handler ; GPIO Port S
  347 00000258 00000000        DCD              PWM1_G0_Handler 
                                                            ; PWM 1 Generator 0
                                                            
  348 0000025C 00000000        DCD              PWM1_G1_Handler 
                                                            ; PWM 1 Generator 1
                                                            
  349 00000260 00000000        DCD              PWM1_G2_Handler 
                                                            ; PWM 1 Generator 2
                                                            
  350 00000264 00000000        DCD              PWM1_G3_Handler 
                                                            ; PWM 1 Generator 3
                                                            
  351 00000268 00000000        DCD              PWM1_Fault_Handler 
                                                            ; PWM 1 Fault
  352 0000026C         
  353 0000026C         ;*******************************************************
                       ***********************
  354 0000026C         ;
  355 0000026C         ; This is the code that gets called when the processor f
                       irst starts execution



ARM Macro Assembler    Page 9 


  356 0000026C         ; following a reset event.
  357 0000026C         ;
  358 0000026C         ;*******************************************************
                       ***********************
  359 0000026C                 EXPORT           Reset_Handler
  360 0000026C         Reset_Handler
  361 0000026C         ;
  362 0000026C         ; Call the C library enty point that handles startup.  T
                       his will copy
  363 0000026C         ; the .data section initializers from flash to SRAM and 
                       zero fill the
  364 0000026C         ; .bss section.
  365 0000026C         ;
  366 0000026C                 IMPORT           __main
  367 0000026C         
  368 0000026C                 IF               {CPU} = "Cortex-M4.fp"
  369 0000026C 4804            LDR              R0, =0xE000ED88 
                                                            ; Enable CP10,CP11
  370 0000026E 6801            LDR              R1,[R0]
  371 00000270 F441 0170       ORR              R1,R1,#(0xF << 20)
  372 00000274 6001            STR              R1,[R0]
  373 00000276                 ENDIF
  374 00000276         
  375 00000276 F7FF BFFE       B                __main
  376 0000027A         ;*******************************************************
                       ***********************
  377 0000027A         ;
  378 0000027A         ; This is the code that gets called when the processor r
                       eceives a NMI.  This
  379 0000027A         ; simply enters an infinite loop, preserving the system 
                       state for examination
  380 0000027A         ; by a debugger.
  381 0000027A         ;
  382 0000027A         ;*******************************************************
                       ***********************
  383 0000027A         NmiSR
  384 0000027A E7FE            B                NmiSR
  385 0000027C         
  386 0000027C         ;*******************************************************
                       ***********************
  387 0000027C         ;
  388 0000027C         ; This is the code that gets called when the processor r
                       eceives a fault
  389 0000027C         ; interrupt.  This simply enters an infinite loop, prese
                       rving the system state
  390 0000027C         ; for examination by a debugger.
  391 0000027C         ;
  392 0000027C         ;*******************************************************
                       ***********************
  393 0000027C         FaultISR
  394 0000027C E7FE            B                FaultISR
  395 0000027E         
  396 0000027E         ;*******************************************************
                       ***********************
  397 0000027E         ;
  398 0000027E         ; This is the code that gets called when the processor r
                       eceives an unexpected
  399 0000027E         ; interrupt.  This simply enters an infinite loop, prese
                       rving the system state



ARM Macro Assembler    Page 10 


  400 0000027E         ; for examination by a debugger.
  401 0000027E         ;
  402 0000027E         ;*******************************************************
                       ***********************
  403 0000027E         IntDefaultHandler
  404 0000027E E7FE            B                IntDefaultHandler
  405 00000280         
  406 00000280         ;*******************************************************
                       ***********************
  407 00000280         ;
  408 00000280         ; Make sure the end of this section is aligned.
  409 00000280         ;
  410 00000280         ;*******************************************************
                       ***********************
  411 00000280                 ALIGN
  412 00000280         
  413 00000280         ;*******************************************************
                       ***********************
  414 00000280         ;
  415 00000280         ; Some code in the normal code section for initializing 
                       the heap and stack.
  416 00000280         ;
  417 00000280         ;*******************************************************
                       ***********************
  418 00000280 E000ED88        AREA             |.text|, CODE, READONLY
  419 00000000         
  420 00000000         ;*******************************************************
                       ***********************
  421 00000000         ;
  422 00000000         ; The function expected of the C library startup code fo
                       r defining the stack
  423 00000000         ; and heap memory locations.  For the C library version 
                       of the startup code,
  424 00000000         ; provide this function so that the C library initializa
                       tion code can find out
  425 00000000         ; the location of the stack and heap.
  426 00000000         ;
  427 00000000         ;*******************************************************
                       ***********************
  428 00000000                 IF               :DEF: __MICROLIB
  433 00000000                 IMPORT           __use_two_region_memory
  434 00000000                 EXPORT           __user_initial_stackheap
  435 00000000         __user_initial_stackheap
  436 00000000 4802            LDR              R0, =HeapMem
  437 00000002 4903            LDR              R1, =(StackMem + Stack)
  438 00000004 4A01            LDR              R2, =(HeapMem + Heap)
  439 00000006 4B03            LDR              R3, =StackMem
  440 00000008 4770            BX               LR
  441 0000000A                 ENDIF
  442 0000000A         
  443 0000000A         ;*******************************************************
                       ***********************
  444 0000000A         ;
  445 0000000A         ; Make sure the end of this section is aligned.
  446 0000000A         ;
  447 0000000A         ;*******************************************************
                       ***********************
  448 0000000A 00 00           ALIGN
  449 0000000C         



ARM Macro Assembler    Page 11 


  450 0000000C         ;*******************************************************
                       ***********************
  451 0000000C         ;
  452 0000000C         ; Tell the assembler that we're done.
  453 0000000C         ;
  454 0000000C         ;*******************************************************
                       ***********************
  455 0000000C                 END
              00000000 
              00000100 
              00000000 
Command Line: --debug --xref --cpu=Cortex-M4.fp --apcs=interwork --depend=.\obj
\startup.d -o.\obj\startup.o -ID:\program\ARM\ARM\RV31\INC -ID:\program\ARM\ARM
\PACK\ARM\CMSIS\4.1.0\CMSIS\Include -ID:\program\ARM\ARM\Inc\Luminary --list=.\
list\startup.lst Startup.s



ARM Macro Assembler    Page 1 Alphabetic symbol ordering
Relocatable symbols

STACK 00000000

Symbol: STACK
   Definitions
      At line 45 in file Startup.s
   Uses
      None
Comment: STACK unused
StackMem 00000000

Symbol: StackMem
   Definitions
      At line 46 in file Startup.s
   Uses
      At line 197 in file Startup.s
      At line 437 in file Startup.s
      At line 439 in file Startup.s

__initial_sp 00000100

Symbol: __initial_sp
   Definitions
      At line 48 in file Startup.s
   Uses
      None
Comment: __initial_sp unused
3 symbols



ARM Macro Assembler    Page 1 Alphabetic symbol ordering
Relocatable symbols

HEAP 00000000

Symbol: HEAP
   Definitions
      At line 55 in file Startup.s
   Uses
      None
Comment: HEAP unused
HeapMem 00000000

Symbol: HeapMem
   Definitions
      At line 57 in file Startup.s
   Uses
      At line 436 in file Startup.s
      At line 438 in file Startup.s

__heap_base 00000000

Symbol: __heap_base
   Definitions
      At line 56 in file Startup.s
   Uses
      None
Comment: __heap_base unused
__heap_limit 00000000

Symbol: __heap_limit
   Definitions
      At line 59 in file Startup.s
   Uses
      None
Comment: __heap_limit unused
4 symbols



ARM Macro Assembler    Page 1 Alphabetic symbol ordering
Relocatable symbols

FaultISR 0000027C

Symbol: FaultISR
   Definitions
      At line 393 in file Startup.s
   Uses
      At line 200 in file Startup.s
      At line 394 in file Startup.s

IntDefaultHandler 0000027E

Symbol: IntDefaultHandler
   Definitions
      At line 403 in file Startup.s
   Uses
      At line 201 in file Startup.s
      At line 202 in file Startup.s
      At line 203 in file Startup.s
      At line 208 in file Startup.s
      At line 209 in file Startup.s
      At line 211 in file Startup.s
      At line 404 in file Startup.s

NmiSR 0000027A

Symbol: NmiSR
   Definitions
      At line 383 in file Startup.s
   Uses
      At line 199 in file Startup.s
      At line 384 in file Startup.s

RESET 00000000

Symbol: RESET
   Definitions
      At line 73 in file Startup.s
   Uses
      None
Comment: RESET unused
Reset_Handler 0000026C

Symbol: Reset_Handler
   Definitions
      At line 360 in file Startup.s
   Uses
      At line 198 in file Startup.s
      At line 359 in file Startup.s

__Vectors 00000000

Symbol: __Vectors
   Definitions
      At line 196 in file Startup.s
   Uses
      At line 195 in file Startup.s
Comment: __Vectors used once
6 symbols



ARM Macro Assembler    Page 1 Alphabetic symbol ordering
Relocatable symbols

.text 00000000

Symbol: .text
   Definitions
      At line 418 in file Startup.s
   Uses
      None
Comment: .text unused
__user_initial_stackheap 00000000

Symbol: __user_initial_stackheap
   Definitions
      At line 435 in file Startup.s
   Uses
      At line 434 in file Startup.s
Comment: __user_initial_stackheap used once
2 symbols



ARM Macro Assembler    Page 1 Alphabetic symbol ordering
Absolute symbols

Heap 00000000

Symbol: Heap
   Definitions
      At line 38 in file Startup.s
   Uses
      At line 58 in file Startup.s
      At line 438 in file Startup.s

Stack 00000100

Symbol: Stack
   Definitions
      At line 31 in file Startup.s
   Uses
      At line 47 in file Startup.s
      At line 197 in file Startup.s
      At line 437 in file Startup.s

2 symbols



ARM Macro Assembler    Page 1 Alphabetic symbol ordering
External symbols

ADC0_S0_Handler 00000000

Symbol: ADC0_S0_Handler
   Definitions
      At line 90 in file Startup.s
   Uses
      At line 227 in file Startup.s
Comment: ADC0_S0_Handler used once
ADC0_S1_Handler 00000000

Symbol: ADC0_S1_Handler
   Definitions
      At line 91 in file Startup.s
   Uses
      At line 228 in file Startup.s
Comment: ADC0_S1_Handler used once
ADC0_S2_Handler 00000000

Symbol: ADC0_S2_Handler
   Definitions
      At line 92 in file Startup.s
   Uses
      At line 229 in file Startup.s
Comment: ADC0_S2_Handler used once
ADC0_S3_Handler 00000000

Symbol: ADC0_S3_Handler
   Definitions
      At line 93 in file Startup.s
   Uses
      At line 230 in file Startup.s
Comment: ADC0_S3_Handler used once
ADC1_S0_Handler 00000000

Symbol: ADC1_S0_Handler
   Definitions
      At line 124 in file Startup.s
   Uses
      At line 261 in file Startup.s
Comment: ADC1_S0_Handler used once
ADC1_S1_Handler 00000000

Symbol: ADC1_S1_Handler
   Definitions
      At line 125 in file Startup.s
   Uses
      At line 262 in file Startup.s
Comment: ADC1_S1_Handler used once
ADC1_S2_Handler 00000000

Symbol: ADC1_S2_Handler
   Definitions
      At line 126 in file Startup.s
   Uses
      At line 263 in file Startup.s
Comment: ADC1_S2_Handler used once
ADC1_S3_Handler 00000000

Symbol: ADC1_S3_Handler



ARM Macro Assembler    Page 2 Alphabetic symbol ordering
External symbols

   Definitions
      At line 127 in file Startup.s
   Uses
      At line 264 in file Startup.s
Comment: ADC1_S3_Handler used once
CA1_Handler 00000000

Symbol: CA1_Handler
   Definitions
      At line 116 in file Startup.s
   Uses
      At line 253 in file Startup.s
Comment: CA1_Handler used once
CA2_Handler 00000000

Symbol: CA2_Handler
   Definitions
      At line 117 in file Startup.s
   Uses
      At line 254 in file Startup.s
Comment: CA2_Handler used once
CAN0_Handler 00000000

Symbol: CAN0_Handler
   Definitions
      At line 115 in file Startup.s
   Uses
      At line 252 in file Startup.s
Comment: CAN0_Handler used once
COMP0_Handler 00000000

Symbol: COMP0_Handler
   Definitions
      At line 101 in file Startup.s
   Uses
      At line 238 in file Startup.s
Comment: COMP0_Handler used once
COMP1_Handler 00000000

Symbol: COMP1_Handler
   Definitions
      At line 102 in file Startup.s
   Uses
      At line 239 in file Startup.s
Comment: COMP1_Handler used once
COMP2_Handler 00000000

Symbol: COMP2_Handler
   Definitions
      At line 103 in file Startup.s
   Uses
      At line 240 in file Startup.s
Comment: COMP2_Handler used once
EBI0_Handler 00000000

Symbol: EBI0_Handler
   Definitions
      At line 129 in file Startup.s
   Uses



ARM Macro Assembler    Page 3 Alphabetic symbol ordering
External symbols

      At line 266 in file Startup.s
Comment: EBI0_Handler used once
Ethernet_Handler 00000000

Symbol: Ethernet_Handler
   Definitions
      At line 118 in file Startup.s
   Uses
      At line 255 in file Startup.s
Comment: Ethernet_Handler used once
FLASH_Handler 00000000

Symbol: FLASH_Handler
   Definitions
      At line 105 in file Startup.s
   Uses
      At line 242 in file Startup.s
Comment: FLASH_Handler used once
FPU_Handler 00000000

Symbol: FPU_Handler
   Definitions
      At line 158 in file Startup.s
   Uses
      At line 319 in file Startup.s
Comment: FPU_Handler used once
Fan0_Handler 00000000

Symbol: Fan0_Handler
   Definitions
      At line 166 in file Startup.s
   Uses
      At line 327 in file Startup.s
Comment: Fan0_Handler used once
GPIOA_Handler 00000000

Symbol: GPIOA_Handler
   Definitions
      At line 76 in file Startup.s
   Uses
      At line 213 in file Startup.s
Comment: GPIOA_Handler used once
GPIOB_Handler 00000000

Symbol: GPIOB_Handler
   Definitions
      At line 77 in file Startup.s
   Uses
      At line 214 in file Startup.s
Comment: GPIOB_Handler used once
GPIOC_Handler 00000000

Symbol: GPIOC_Handler
   Definitions
      At line 78 in file Startup.s
   Uses
      At line 215 in file Startup.s
Comment: GPIOC_Handler used once
GPIOD_Handler 00000000



ARM Macro Assembler    Page 4 Alphabetic symbol ordering
External symbols


Symbol: GPIOD_Handler
   Definitions
      At line 79 in file Startup.s
   Uses
      At line 216 in file Startup.s
Comment: GPIOD_Handler used once
GPIOE_Handler 00000000

Symbol: GPIOE_Handler
   Definitions
      At line 80 in file Startup.s
   Uses
      At line 217 in file Startup.s
Comment: GPIOE_Handler used once
GPIOF_Handler 00000000

Symbol: GPIOF_Handler
   Definitions
      At line 106 in file Startup.s
   Uses
      At line 243 in file Startup.s
Comment: GPIOF_Handler used once
GPIOG_Handler 00000000

Symbol: GPIOG_Handler
   Definitions
      At line 107 in file Startup.s
   Uses
      At line 244 in file Startup.s
Comment: GPIOG_Handler used once
GPIOH_Handler 00000000

Symbol: GPIOH_Handler
   Definitions
      At line 108 in file Startup.s
   Uses
      At line 245 in file Startup.s
Comment: GPIOH_Handler used once
GPIOJ_Handler 00000000

Symbol: GPIOJ_Handler
   Definitions
      At line 130 in file Startup.s
   Uses
      At line 267 in file Startup.s
Comment: GPIOJ_Handler used once
GPIOK_Handler 00000000

Symbol: GPIOK_Handler
   Definitions
      At line 131 in file Startup.s
   Uses
      At line 268 in file Startup.s
Comment: GPIOK_Handler used once
GPIOL_Handler 00000000

Symbol: GPIOL_Handler
   Definitions



ARM Macro Assembler    Page 5 Alphabetic symbol ordering
External symbols

      At line 132 in file Startup.s
   Uses
      At line 269 in file Startup.s
Comment: GPIOL_Handler used once
GPIOM_Handler 00000000

Symbol: GPIOM_Handler
   Definitions
      At line 163 in file Startup.s
   Uses
      At line 324 in file Startup.s
Comment: GPIOM_Handler used once
GPION_Handler 00000000

Symbol: GPION_Handler
   Definitions
      At line 164 in file Startup.s
   Uses
      At line 325 in file Startup.s
Comment: GPION_Handler used once
GPIOP0_Handler 00000000

Symbol: GPIOP0_Handler
   Definitions
      At line 167 in file Startup.s
   Uses
      At line 329 in file Startup.s
Comment: GPIOP0_Handler used once
GPIOP1_Handler 00000000

Symbol: GPIOP1_Handler
   Definitions
      At line 168 in file Startup.s
   Uses
      At line 330 in file Startup.s
Comment: GPIOP1_Handler used once
GPIOP2_Handler 00000000

Symbol: GPIOP2_Handler
   Definitions
      At line 169 in file Startup.s
   Uses
      At line 331 in file Startup.s
Comment: GPIOP2_Handler used once
GPIOP3_Handler 00000000

Symbol: GPIOP3_Handler
   Definitions
      At line 170 in file Startup.s
   Uses
      At line 332 in file Startup.s
Comment: GPIOP3_Handler used once
GPIOP4_Handler 00000000

Symbol: GPIOP4_Handler
   Definitions
      At line 171 in file Startup.s
   Uses
      At line 333 in file Startup.s



ARM Macro Assembler    Page 6 Alphabetic symbol ordering
External symbols

Comment: GPIOP4_Handler used once
GPIOP5_Handler 00000000

Symbol: GPIOP5_Handler
   Definitions
      At line 172 in file Startup.s
   Uses
      At line 334 in file Startup.s
Comment: GPIOP5_Handler used once
GPIOP6_Handler 00000000

Symbol: GPIOP6_Handler
   Definitions
      At line 173 in file Startup.s
   Uses
      At line 335 in file Startup.s
Comment: GPIOP6_Handler used once
GPIOP7_Handler 00000000

Symbol: GPIOP7_Handler
   Definitions
      At line 174 in file Startup.s
   Uses
      At line 336 in file Startup.s
Comment: GPIOP7_Handler used once
GPIOQ0_Handler 00000000

Symbol: GPIOQ0_Handler
   Definitions
      At line 175 in file Startup.s
   Uses
      At line 337 in file Startup.s
Comment: GPIOQ0_Handler used once
GPIOQ1_Handler 00000000

Symbol: GPIOQ1_Handler
   Definitions
      At line 176 in file Startup.s
   Uses
      At line 338 in file Startup.s
Comment: GPIOQ1_Handler used once
GPIOQ2_Handler 00000000

Symbol: GPIOQ2_Handler
   Definitions
      At line 177 in file Startup.s
   Uses
      At line 339 in file Startup.s
Comment: GPIOQ2_Handler used once
GPIOQ3_Handler 00000000

Symbol: GPIOQ3_Handler
   Definitions
      At line 178 in file Startup.s
   Uses
      At line 340 in file Startup.s
Comment: GPIOQ3_Handler used once
GPIOQ4_Handler 00000000




ARM Macro Assembler    Page 7 Alphabetic symbol ordering
External symbols

Symbol: GPIOQ4_Handler
   Definitions
      At line 179 in file Startup.s
   Uses
      At line 341 in file Startup.s
Comment: GPIOQ4_Handler used once
GPIOQ5_Handler 00000000

Symbol: GPIOQ5_Handler
   Definitions
      At line 180 in file Startup.s
   Uses
      At line 342 in file Startup.s
Comment: GPIOQ5_Handler used once
GPIOQ6_Handler 00000000

Symbol: GPIOQ6_Handler
   Definitions
      At line 181 in file Startup.s
   Uses
      At line 343 in file Startup.s
Comment: GPIOQ6_Handler used once
GPIOQ7_Handler 00000000

Symbol: GPIOQ7_Handler
   Definitions
      At line 182 in file Startup.s
   Uses
      At line 344 in file Startup.s
Comment: GPIOQ7_Handler used once
GPIOR_Handler 00000000

Symbol: GPIOR_Handler
   Definitions
      At line 183 in file Startup.s
   Uses
      At line 345 in file Startup.s
Comment: GPIOR_Handler used once
GPIOS_Handler 00000000

Symbol: GPIOS_Handler
   Definitions
      At line 184 in file Startup.s
   Uses
      At line 346 in file Startup.s
Comment: GPIOS_Handler used once
Hibernate_Handler 00000000

Symbol: Hibernate_Handler
   Definitions
      At line 119 in file Startup.s
   Uses
      At line 256 in file Startup.s
Comment: Hibernate_Handler used once
I2C0_Handler 00000000

Symbol: I2C0_Handler
   Definitions
      At line 84 in file Startup.s



ARM Macro Assembler    Page 8 Alphabetic symbol ordering
External symbols

   Uses
      At line 221 in file Startup.s
Comment: I2C0_Handler used once
I2C1_Handler 00000000

Symbol: I2C1_Handler
   Definitions
      At line 113 in file Startup.s
   Uses
      At line 250 in file Startup.s
Comment: I2C1_Handler used once
I2C2_Handler 00000000

Symbol: I2C2_Handler
   Definitions
      At line 140 in file Startup.s
   Uses
      At line 281 in file Startup.s
Comment: I2C2_Handler used once
I2C3_Handler 00000000

Symbol: I2C3_Handler
   Definitions
      At line 141 in file Startup.s
   Uses
      At line 282 in file Startup.s
Comment: I2C3_Handler used once
I2C4_Handler 00000000

Symbol: I2C4_Handler
   Definitions
      At line 161 in file Startup.s
   Uses
      At line 322 in file Startup.s
Comment: I2C4_Handler used once
I2C5_Handler 00000000

Symbol: I2C5_Handler
   Definitions
      At line 162 in file Startup.s
   Uses
      At line 323 in file Startup.s
Comment: I2C5_Handler used once
I2S0_Handler 00000000

Symbol: I2S0_Handler
   Definitions
      At line 128 in file Startup.s
   Uses
      At line 265 in file Startup.s
Comment: I2S0_Handler used once
LPC0_Handler 00000000

Symbol: LPC0_Handler
   Definitions
      At line 160 in file Startup.s
   Uses
      At line 321 in file Startup.s
Comment: LPC0_Handler used once



ARM Macro Assembler    Page 9 Alphabetic symbol ordering
External symbols

PECI0_Handler 00000000

Symbol: PECI0_Handler
   Definitions
      At line 159 in file Startup.s
   Uses
      At line 320 in file Startup.s
Comment: PECI0_Handler used once
PWM0_Fault_Handler 00000000

Symbol: PWM0_Fault_Handler
   Definitions
      At line 85 in file Startup.s
   Uses
      At line 222 in file Startup.s
Comment: PWM0_Fault_Handler used once
PWM0_G0_Handler 00000000

Symbol: PWM0_G0_Handler
   Definitions
      At line 86 in file Startup.s
   Uses
      At line 223 in file Startup.s
Comment: PWM0_G0_Handler used once
PWM0_G1_Handler 00000000

Symbol: PWM0_G1_Handler
   Definitions
      At line 87 in file Startup.s
   Uses
      At line 224 in file Startup.s
Comment: PWM0_G1_Handler used once
PWM0_G2_Handler 00000000

Symbol: PWM0_G2_Handler
   Definitions
      At line 88 in file Startup.s
   Uses
      At line 225 in file Startup.s
Comment: PWM0_G2_Handler used once
PWM1_Fault_Handler 00000000

Symbol: PWM1_Fault_Handler
   Definitions
      At line 189 in file Startup.s
   Uses
      At line 351 in file Startup.s
Comment: PWM1_Fault_Handler used once
PWM1_G0_Handler 00000000

Symbol: PWM1_G0_Handler
   Definitions
      At line 185 in file Startup.s
   Uses
      At line 347 in file Startup.s
Comment: PWM1_G0_Handler used once
PWM1_G1_Handler 00000000

Symbol: PWM1_G1_Handler



ARM Macro Assembler    Page 10 Alphabetic symbol ordering
External symbols

   Definitions
      At line 186 in file Startup.s
   Uses
      At line 348 in file Startup.s
Comment: PWM1_G1_Handler used once
PWM1_G2_Handler 00000000

Symbol: PWM1_G2_Handler
   Definitions
      At line 187 in file Startup.s
   Uses
      At line 349 in file Startup.s
Comment: PWM1_G2_Handler used once
PWM1_G3_Handler 00000000

Symbol: PWM1_G3_Handler
   Definitions
      At line 188 in file Startup.s
   Uses
      At line 350 in file Startup.s
Comment: PWM1_G3_Handler used once
PWM_G3_Handler 00000000

Symbol: PWM_G3_Handler
   Definitions
      At line 121 in file Startup.s
   Uses
      At line 258 in file Startup.s
Comment: PWM_G3_Handler used once
QE1_Handler 00000000

Symbol: QE1_Handler
   Definitions
      At line 114 in file Startup.s
   Uses
      At line 251 in file Startup.s
Comment: QE1_Handler used once
QE2_Handler 00000000

Symbol: QE2_Handler
   Definitions
      At line 165 in file Startup.s
   Uses
      At line 326 in file Startup.s
Comment: QE2_Handler used once
QE_Handler 00000000

Symbol: QE_Handler
   Definitions
      At line 89 in file Startup.s
   Uses
      At line 226 in file Startup.s
Comment: QE_Handler used once
SSI0_Handler 00000000

Symbol: SSI0_Handler
   Definitions
      At line 83 in file Startup.s
   Uses



ARM Macro Assembler    Page 11 Alphabetic symbol ordering
External symbols

      At line 220 in file Startup.s
Comment: SSI0_Handler used once
SSI1_Handler 00000000

Symbol: SSI1_Handler
   Definitions
      At line 110 in file Startup.s
   Uses
      At line 247 in file Startup.s
Comment: SSI1_Handler used once
SSI2_Handler 00000000

Symbol: SSI2_Handler
   Definitions
      At line 133 in file Startup.s
   Uses
      At line 270 in file Startup.s
Comment: SSI2_Handler used once
SSI3_Handler 00000000

Symbol: SSI3_Handler
   Definitions
      At line 134 in file Startup.s
   Uses
      At line 271 in file Startup.s
Comment: SSI3_Handler used once
SYSCTL_Handler 00000000

Symbol: SYSCTL_Handler
   Definitions
      At line 104 in file Startup.s
   Uses
      At line 241 in file Startup.s
Comment: SYSCTL_Handler used once
SysTick_Handler 00000000

Symbol: SysTick_Handler
   Definitions
      At line 75 in file Startup.s
   Uses
      At line 212 in file Startup.s
Comment: SysTick_Handler used once
TIMER0_STA_Handler 00000000

Symbol: TIMER0_STA_Handler
   Definitions
      At line 95 in file Startup.s
   Uses
      At line 232 in file Startup.s
Comment: TIMER0_STA_Handler used once
TIMER0_STB_Handler 00000000

Symbol: TIMER0_STB_Handler
   Definitions
      At line 96 in file Startup.s
   Uses
      At line 233 in file Startup.s
Comment: TIMER0_STB_Handler used once
TIMER1_STA_Handler 00000000



ARM Macro Assembler    Page 12 Alphabetic symbol ordering
External symbols


Symbol: TIMER1_STA_Handler
   Definitions
      At line 97 in file Startup.s
   Uses
      At line 234 in file Startup.s
Comment: TIMER1_STA_Handler used once
TIMER1_STB_Handler 00000000

Symbol: TIMER1_STB_Handler
   Definitions
      At line 98 in file Startup.s
   Uses
      At line 235 in file Startup.s
Comment: TIMER1_STB_Handler used once
TIMER2_STA_Handler 00000000

Symbol: TIMER2_STA_Handler
   Definitions
      At line 99 in file Startup.s
   Uses
      At line 236 in file Startup.s
Comment: TIMER2_STA_Handler used once
TIMER2_STB_Handler 00000000

Symbol: TIMER2_STB_Handler
   Definitions
      At line 100 in file Startup.s
   Uses
      At line 237 in file Startup.s
Comment: TIMER2_STB_Handler used once
TIMER3_STA_Handler 00000000

Symbol: TIMER3_STA_Handler
   Definitions
      At line 111 in file Startup.s
   Uses
      At line 248 in file Startup.s
Comment: TIMER3_STA_Handler used once
TIMER3_STB_Handler 00000000

Symbol: TIMER3_STB_Handler
   Definitions
      At line 112 in file Startup.s
   Uses
      At line 249 in file Startup.s
Comment: TIMER3_STB_Handler used once
TIMER4_STA_Handler 00000000

Symbol: TIMER4_STA_Handler
   Definitions
      At line 142 in file Startup.s
   Uses
      At line 283 in file Startup.s
Comment: TIMER4_STA_Handler used once
TIMER4_STB_Handler 00000000

Symbol: TIMER4_STB_Handler
   Definitions



ARM Macro Assembler    Page 13 Alphabetic symbol ordering
External symbols

      At line 143 in file Startup.s
   Uses
      At line 284 in file Startup.s
Comment: TIMER4_STB_Handler used once
TIMER5_STA_Handler 00000000

Symbol: TIMER5_STA_Handler
   Definitions
      At line 144 in file Startup.s
   Uses
      At line 305 in file Startup.s
Comment: TIMER5_STA_Handler used once
TIMER5_STB_Handler 00000000

Symbol: TIMER5_STB_Handler
   Definitions
      At line 145 in file Startup.s
   Uses
      At line 306 in file Startup.s
Comment: TIMER5_STB_Handler used once
UART0_Handler 00000000

Symbol: UART0_Handler
   Definitions
      At line 81 in file Startup.s
   Uses
      At line 218 in file Startup.s
Comment: UART0_Handler used once
UART1_Handler 00000000

Symbol: UART1_Handler
   Definitions
      At line 82 in file Startup.s
   Uses
      At line 219 in file Startup.s
Comment: UART1_Handler used once
UART2_Handler 00000000

Symbol: UART2_Handler
   Definitions
      At line 109 in file Startup.s
   Uses
      At line 246 in file Startup.s
Comment: UART2_Handler used once
UART3_Handler 00000000

Symbol: UART3_Handler
   Definitions
      At line 135 in file Startup.s
   Uses
      At line 272 in file Startup.s
Comment: UART3_Handler used once
UART4_Handler 00000000

Symbol: UART4_Handler
   Definitions
      At line 136 in file Startup.s
   Uses
      At line 273 in file Startup.s



ARM Macro Assembler    Page 14 Alphabetic symbol ordering
External symbols

Comment: UART4_Handler used once
UART5_Handler 00000000

Symbol: UART5_Handler
   Definitions
      At line 137 in file Startup.s
   Uses
      At line 274 in file Startup.s
Comment: UART5_Handler used once
UART6_Handler 00000000

Symbol: UART6_Handler
   Definitions
      At line 138 in file Startup.s
   Uses
      At line 275 in file Startup.s
Comment: UART6_Handler used once
UART7_Handler 00000000

Symbol: UART7_Handler
   Definitions
      At line 139 in file Startup.s
   Uses
      At line 276 in file Startup.s
Comment: UART7_Handler used once
UDMA_ERROR_Handler 00000000

Symbol: UDMA_ERROR_Handler
   Definitions
      At line 123 in file Startup.s
   Uses
      At line 260 in file Startup.s
Comment: UDMA_ERROR_Handler used once
UDMA_SUCCESS_Handler 00000000

Symbol: UDMA_SUCCESS_Handler
   Definitions
      At line 122 in file Startup.s
   Uses
      At line 259 in file Startup.s
Comment: UDMA_SUCCESS_Handler used once
USB0_Handler 00000000

Symbol: USB0_Handler
   Definitions
      At line 120 in file Startup.s
   Uses
      At line 257 in file Startup.s
Comment: USB0_Handler used once
WDOG_Timer_Handler 00000000

Symbol: WDOG_Timer_Handler
   Definitions
      At line 94 in file Startup.s
   Uses
      At line 231 in file Startup.s
Comment: WDOG_Timer_Handler used once
WTIMER0_STA_Handler 00000000




ARM Macro Assembler    Page 15 Alphabetic symbol ordering
External symbols

Symbol: WTIMER0_STA_Handler
   Definitions
      At line 146 in file Startup.s
   Uses
      At line 307 in file Startup.s
Comment: WTIMER0_STA_Handler used once
WTIMER0_STB_Handler 00000000

Symbol: WTIMER0_STB_Handler
   Definitions
      At line 147 in file Startup.s
   Uses
      At line 308 in file Startup.s
Comment: WTIMER0_STB_Handler used once
WTIMER1_STA_Handler 00000000

Symbol: WTIMER1_STA_Handler
   Definitions
      At line 148 in file Startup.s
   Uses
      At line 309 in file Startup.s
Comment: WTIMER1_STA_Handler used once
WTIMER1_STB_Handler 00000000

Symbol: WTIMER1_STB_Handler
   Definitions
      At line 149 in file Startup.s
   Uses
      At line 310 in file Startup.s
Comment: WTIMER1_STB_Handler used once
WTIMER2_STA_Handler 00000000

Symbol: WTIMER2_STA_Handler
   Definitions
      At line 150 in file Startup.s
   Uses
      At line 311 in file Startup.s
Comment: WTIMER2_STA_Handler used once
WTIMER2_STB_Handler 00000000

Symbol: WTIMER2_STB_Handler
   Definitions
      At line 151 in file Startup.s
   Uses
      At line 312 in file Startup.s
Comment: WTIMER2_STB_Handler used once
WTIMER3_STA_Handler 00000000

Symbol: WTIMER3_STA_Handler
   Definitions
      At line 152 in file Startup.s
   Uses
      At line 313 in file Startup.s
Comment: WTIMER3_STA_Handler used once
WTIMER3_STB_Handler 00000000

Symbol: WTIMER3_STB_Handler
   Definitions
      At line 153 in file Startup.s



ARM Macro Assembler    Page 16 Alphabetic symbol ordering
External symbols

   Uses
      At line 314 in file Startup.s
Comment: WTIMER3_STB_Handler used once
WTIMER4_STA_Handler 00000000

Symbol: WTIMER4_STA_Handler
   Definitions
      At line 154 in file Startup.s
   Uses
      At line 315 in file Startup.s
Comment: WTIMER4_STA_Handler used once
WTIMER4_STB_Handler 00000000

Symbol: WTIMER4_STB_Handler
   Definitions
      At line 155 in file Startup.s
   Uses
      At line 316 in file Startup.s
Comment: WTIMER4_STB_Handler used once
WTIMER5_STA_Handler 00000000

Symbol: WTIMER5_STA_Handler
   Definitions
      At line 156 in file Startup.s
   Uses
      At line 317 in file Startup.s
Comment: WTIMER5_STA_Handler used once
WTIMER5_STB_Handler 00000000

Symbol: WTIMER5_STB_Handler
   Definitions
      At line 157 in file Startup.s
   Uses
      At line 318 in file Startup.s
Comment: WTIMER5_STB_Handler used once
__main 00000000

Symbol: __main
   Definitions
      At line 366 in file Startup.s
   Uses
      At line 375 in file Startup.s
Comment: __main used once
__use_two_region_memory 00000000

Symbol: __use_two_region_memory
   Definitions
      At line 433 in file Startup.s
   Uses
      None
Comment: __use_two_region_memory unused
117 symbols
471 symbols in table
